INFO: [VRFC 10-2263] Analyzing Verilog file "C:/Users/JamesHotten/Desktop/JiChuang/Code/Demo/Demo.srcs/sources_1/new/riscv_top.v" into library xil_defaultlib
INFO: [VRFC 10-311] analyzing module riscv_top
WARNING: [VRFC 10-2938] 'pred_taken_if' is already implicitly declared on line 182 [C:/Users/JamesHotten/Desktop/JiChuang/Code/Demo/Demo.srcs/sources_1/new/riscv_top.v:362]
INFO: [VRFC 10-2263] Analyzing Verilog file "C:/Users/JamesHotten/Desktop/JiChuang/Code/Demo/Demo.srcs/sources_1/new/riscv_defines.v" into library xil_defaultlib
INFO: [VRFC 10-2263] Analyzing Verilog file "C:/Users/JamesHotten/Desktop/JiChuang/Code/Demo/Demo.srcs/sources_1/new/alu.v" into library xil_defaultlib
INFO: [VRFC 10-311] analyzing module alu
INFO: [VRFC 10-2263] Analyzing Verilog file "C:/Users/JamesHotten/Desktop/JiChuang/Code/Demo/Demo.srcs/sources_1/new/ctrl_unit.v" into library xil_defaultlib
INFO: [VRFC 10-311] analyzing module ctrl_unit
INFO: [VRFC 10-2263] Analyzing Verilog file "C:/Users/JamesHotten/Desktop/JiChuang/Code/Demo/Demo.srcs/sources_1/new/dmem.v" into library xil_defaultlib
INFO: [VRFC 10-311] analyzing module dmem
INFO: [VRFC 10-2263] Analyzing Verilog file "C:/Users/JamesHotten/Desktop/JiChuang/Code/Demo/Demo.srcs/sources_1/new/ex_mem_reg.v" into library xil_defaultlib
INFO: [VRFC 10-311] analyzing module ex_mem_reg
INFO: [VRFC 10-2263] Analyzing Verilog file "C:/Users/JamesHotten/Desktop/JiChuang/Code/Demo/Demo.srcs/sources_1/new/ex_stage.v" into library xil_defaultlib
INFO: [VRFC 10-311] analyzing module ex_stage
INFO: [VRFC 10-2263] Analyzing Verilog file "C:/Users/JamesHotten/Desktop/JiChuang/Code/Demo/Demo.srcs/sources_1/new/forwarding_unit.v" into library xil_defaultlib
INFO: [VRFC 10-311] analyzing module forwarding_unit
INFO: [VRFC 10-2263] Analyzing Verilog file "C:/Users/JamesHotten/Desktop/JiChuang/Code/Demo/Demo.srcs/sources_1/new/hazard_detection_unit.v" into library xil_defaultlib
INFO: [VRFC 10-311] analyzing module hazard_detection_unit
INFO: [VRFC 10-2263] Analyzing Verilog file "C:/Users/JamesHotten/Desktop/JiChuang/Code/Demo/Demo.srcs/sources_1/new/id_ex_reg.v" into library xil_defaultlib
INFO: [VRFC 10-311] analyzing module id_ex_reg
INFO: [VRFC 10-2263] Analyzing Verilog file "C:/Users/JamesHotten/Desktop/JiChuang/Code/Demo/Demo.srcs/sources_1/new/if_id_reg.v" into library xil_defaultlib
INFO: [VRFC 10-311] analyzing module if_id_reg
INFO: [VRFC 10-2263] Analyzing Verilog file "C:/Users/JamesHotten/Desktop/JiChuang/Code/Demo/Demo.srcs/sources_1/new/imem.v" into library xil_defaultlib
INFO: [VRFC 10-311] analyzing module imem
INFO: [VRFC 10-2263] Analyzing Verilog file "C:/Users/JamesHotten/Desktop/JiChuang/Code/Demo/Demo.srcs/sources_1/new/imm_gen.v" into library xil_defaultlib
INFO: [VRFC 10-311] analyzing module imm_gen
INFO: [VRFC 10-2263] Analyzing Verilog file "C:/Users/JamesHotten/Desktop/JiChuang/Code/Demo/Demo.srcs/sources_1/new/mem_wb_reg.v" into library xil_defaultlib
INFO: [VRFC 10-311] analyzing module mem_wb_reg
INFO: [VRFC 10-2263] Analyzing Verilog file "C:/Users/JamesHotten/Desktop/JiChuang/Code/Demo/Demo.srcs/sources_1/new/pc_reg.v" into library xil_defaultlib
INFO: [VRFC 10-311] analyzing module pc_reg
INFO: [VRFC 10-2263] Analyzing Verilog file "C:/Users/JamesHotten/Desktop/JiChuang/Code/Demo/Demo.srcs/sources_1/new/reg_file.v" into library xil_defaultlib
INFO: [VRFC 10-311] analyzing module reg_file
INFO: [VRFC 10-2263] Analyzing Verilog file "C:/Users/JamesHotten/Desktop/JiChuang/Code/Demo/Demo.srcs/sources_1/new/wb_stage.v" into library xil_defaultlib
INFO: [VRFC 10-311] analyzing module wb_stage
INFO: [VRFC 10-2263] Analyzing Verilog file "C:/Users/JamesHotten/Desktop/JiChuang/Code/Demo/Demo.srcs/sources_1/new/branch_predictor.v" into library xil_defaultlib
INFO: [VRFC 10-311] analyzing module branch_predictor
INFO: [VRFC 10-2263] Analyzing Verilog file "C:/Users/JamesHotten/Desktop/JiChuang/Code/Demo/Demo.srcs/sources_1/new/csr_file.v" into library xil_defaultlib
INFO: [VRFC 10-311] analyzing module csr_file
INFO: [VRFC 10-2263] Analyzing Verilog file "C:/Users/JamesHotten/Desktop/JiChuang/Code/Demo/Demo.srcs/sources_1/new/mem_ctrl.v" into library xil_defaultlib
INFO: [VRFC 10-311] analyzing module mem_ctrl
INFO: [VRFC 10-2263] Analyzing Verilog file "C:/Users/JamesHotten/Desktop/JiChuang/Code/Demo/Demo.srcs/sim_1/new/tb_riscv_top.v" into library xil_defaultlib
INFO: [VRFC 10-311] analyzing module tb_riscv_top
