Vivado Simulator v2025.2
Copyright 1986-2022 Xilinx, Inc. All Rights Reserved.
Copyright 2022-2025 Advanced Micro Devices, Inc. All Rights Reserved.
Running: C:/AMDDesignTools/2025.2/Vivado/bin/unwrapped/win64.o/xelab.exe --incr --debug typical --relax --mt 2 -L xil_defaultlib -L unisims_ver -L unimacro_ver -L secureip --snapshot tb_riscv_top_behav xil_defaultlib.tb_riscv_top xil_defaultlib.glbl -log elaborate.log 
Using 2 slave threads.
Starting static elaboration
Pass Through NonSizing Optimizer
WARNING: [VRFC 10-3091] actual bit length 1 differs from formal bit length 32 for port 'dmem_rdata' [C:/Users/JamesHotten/Desktop/JiChuang/Code/Demo/Demo.srcs/sources_1/new/riscv_top.v:391]
WARNING: [VRFC 10-5021] port 'clk' is not connected on this instance [C:/Users/JamesHotten/Desktop/JiChuang/Code/Demo/Demo.srcs/sources_1/new/riscv_top.v:216]
Completed static elaboration
Starting simulation data flow analysis
Completed simulation data flow analysis
Time Resolution for simulation is 1ps
Compiling module xil_defaultlib.hazard_detection_unit
Compiling module xil_defaultlib.forwarding_unit
Compiling module xil_defaultlib.if_stage
Compiling module xil_defaultlib.imem
Compiling module xil_defaultlib.if_id_reg
Compiling module xil_defaultlib.reg_file
Compiling module xil_defaultlib.imm_gen
Compiling module xil_defaultlib.ctrl_unit
Compiling module xil_defaultlib.id_ex_reg
Compiling module xil_defaultlib.alu
Compiling module xil_defaultlib.ex_stage
Compiling module xil_defaultlib.ex_mem_reg
Compiling module xil_defaultlib.mem_ctrl
Compiling module xil_defaultlib.dmem
Compiling module xil_defaultlib.clint
Compiling module xil_defaultlib.mem_wb_reg
Compiling module xil_defaultlib.wb_stage
Compiling module xil_defaultlib.branch_predictor_default
Compiling module xil_defaultlib.csr_file
Compiling module xil_defaultlib.riscv_top
Compiling module xil_defaultlib.tb_riscv_top
Compiling module xil_defaultlib.glbl
Built simulation snapshot tb_riscv_top_behav
